2022-07-26 19:11:22
<b>ewww_image_optimizer_init()</b>
checking active plugins
<b>EIO_Base::content_url()</b>
upload_url: https://wordpress-698552-2777078.cloudwaysapps.com/wp-content/uploads/
<b>EIO_Base::__construct()</b>
plugin (resource) content_url: https://wordpress-698552-2777078.cloudwaysapps.com/wp-content/ewww/
plugin (resource) content_dir: /home/698552.cloudwaysapps.com/egksydwpzj/public_html/wp-content/ewww/
home url: https://wordpress-698552-2777078.cloudwaysapps.com/
relative home url: //wordpress-698552-2777078.cloudwaysapps.com/
home domain: wordpress-698552-2777078.cloudwaysapps.com
site/upload url: https://wordpress-698552-2777078.cloudwaysapps.com
site/upload domain: wordpress-698552-2777078.cloudwaysapps.com
<b>EIO_Lazy_Load::__construct()</b>
request uri is /wp-admin/admin-ajax.php?action=wp_ewwwio_test_optimize&nonce=940b9f6b21
is_admin
<b>ewww_image_optimizer_admin_init()</b>
<b>EIO_Base::content_url()</b>
upload_url: https://wordpress-698552-2777078.cloudwaysapps.com/wp-content/uploads/
<b>EIO_Base::__construct()</b>
plugin (resource) content_url: https://wordpress-698552-2777078.cloudwaysapps.com/wp-content/ewww/
plugin (resource) content_dir: /home/698552.cloudwaysapps.com/egksydwpzj/public_html/wp-content/ewww/
home url: https://wordpress-698552-2777078.cloudwaysapps.com/
relative home url: //wordpress-698552-2777078.cloudwaysapps.com/
home domain: wordpress-698552-2777078.cloudwaysapps.com
site/upload url: https://wordpress-698552-2777078.cloudwaysapps.com
site/upload domain: wordpress-698552-2777078.cloudwaysapps.com
<b>ewww_image_optimizer_cloud_init()</b>
<b>ewww_image_optimizer_upgrade()</b>
<b>ewww_image_optimizer_exec_init()</b>
<b>ewww_image_optimizer_cron_setup()</b>
<b>ewww_image_optimizer_ajax_compat_check()</b>
doing wp_ewwwio_test_optimize
<b>EWWWIO_Tracking::schedule_send()</b>
checkin already scheduled: 1658949078
<b>EWWWIO_Test_Optimize_Handler::handle()</b>
